<?xml version="1.0" encoding="UTF-8"?>
<!-- Generated by org.testng.reporters.JUnitReportReporter -->
<testsuite hostname="LAPTOP-SETN8PHA" failures="0" tests="1" name="packageWefox.MainWebTest" time="64.493" errors="0" timestamp="2021-04-14T23:35:42 CEST" skipped="0">
  <testcase classname="packageWefox.MainWebTest" name="HotelReservation" time="64.493"/>
  <system-out/>
</testsuite> <!-- packageWefox.MainWebTest -->
