<?xml version="1.0" encoding="UTF-8"?>
<!-- Generated by org.testng.reporters.JUnitReportReporter -->
<testsuite hostname="LAPTOP-SETN8PHA" failures="0" tests="1" name="packageWefox.MainWebTest" time="111.492" errors="0" timestamp="2021-04-15T00:43:13 CEST" skipped="0">
  <testcase classname="packageWefox.MainWebTest" name="HotelReservation" time="111.492"/>
  <system-out/>
</testsuite> <!-- packageWefox.MainWebTest -->
